<?xml version="1.0" encoding="UTF-8"?>
<!-- Generated by org.testng.reporters.JUnitXMLReporter -->
<testsuite hostname="MacBook-Pro-2.local" ignored="0" name="Surefire test" tests="3" failures="0" timestamp="25 Apr 2018 03:06:05 GMT" time="18.321" errors="0">
  <testcase name="gotoGooglePage" time="0.941" classname="com.testScript.GoogleTest01"/>
  <testcase name="Test" time="0.294" classname="com.testScript.DragAndDrop"/>
  <testcase name="testBrokenLink" time="7.619" classname="com.testScript.BrokenLinkTest"/>
</testsuite> <!-- Surefire test -->
