<?xml version="1.0" encoding="UTF-8"?>
<testng-results skipped="0" failed="0" ignored="0" total="1" passed="1">
  <reporter-output>
  </reporter-output>
  <suite name="Surefire suite" duration-ms="14220" started-at="2018-04-24T18:29:02Z" finished-at="2018-04-24T18:29:16Z">
    <groups>
    </groups>
    <test name="Surefire test" duration-ms="14220" started-at="2018-04-24T18:29:02Z" finished-at="2018-04-24T18:29:16Z">
      <class name="com.testScript.BrokenLinkTest">
        <test-method status="PASS" signature="beforMethod()[pri:0, instance:com.testScript.BrokenLinkTest@614c5515]" name="beforMethod" is-config="true" duration-ms="3357" started-at="2018-04-24T14:29:02Z" finished-at="2018-04-24T14:29:05Z">
          <reporter-output>
          </reporter-output>
        </test-method> <!-- beforMethod -->
        <test-method status="PASS" signature="testBrokenLink()[pri:0, instance:com.testScript.BrokenLinkTest@614c5515]" name="testBrokenLink" duration-ms="10844" started-at="2018-04-24T14:29:05Z" finished-at="2018-04-24T14:29:16Z">
          <reporter-output>
          </reporter-output>
        </test-method> <!-- testBrokenLink -->
        <test-method status="PASS" signature="afterMethod()[pri:0, instance:com.testScript.BrokenLinkTest@614c5515]" name="afterMethod" is-config="true" duration-ms="0" started-at="2018-04-24T14:29:16Z" finished-at="2018-04-24T14:29:16Z">
          <reporter-output>
          </reporter-output>
        </test-method> <!-- afterMethod -->
      </class> <!-- com.testScript.BrokenLinkTest -->
    </test> <!-- Surefire test -->
  </suite> <!-- Surefire suite -->
</testng-results>
